c:\users\fedot\source\repos\kondakov_lr5_hotel\kondakov_lr5_hotel\x64\debug\vc143.pdb
c:\users\fedot\source\repos\kondakov_lr5_hotel\kondakov_lr5_hotel\x64\debug\vc143.idb
c:\users\fedot\source\repos\kondakov_lr5_hotel\kondakov_lr5_hotel\x64\debug\kondakov_lr5_suite.obj
c:\users\fedot\source\repos\kondakov_lr5_hotel\kondakov_lr5_hotel\x64\debug\kondakov_lr5_standard_room.obj
c:\users\fedot\source\repos\kondakov_lr5_hotel\kondakov_lr5_hotel\x64\debug\kondakov_lr5_room.obj
c:\users\fedot\source\repos\kondakov_lr5_hotel\kondakov_lr5_hotel\x64\debug\kondakov_lr5_menu_object.obj
c:\users\fedot\source\repos\kondakov_lr5_hotel\kondakov_lr5_hotel\x64\debug\kondakov_lr5_main.obj
c:\users\fedot\source\repos\kondakov_lr5_hotel\kondakov_lr5_hotel\x64\debug\kondakov_lr5_input_control.obj
c:\users\fedot\source\repos\kondakov_lr5_hotel\kondakov_lr5_hotel\x64\debug\kondakov_lr5_family_room.obj
c:\users\fedot\source\repos\kondakov_lr5_hotel\kondakov_lr5_hotel\x64\debug\kondakov_lr5_child_care.obj
c:\users\fedot\source\repos\kondakov_lr5_hotel\x64\debug\kondakov_lr5_hotel.exe
c:\users\fedot\source\repos\kondakov_lr5_hotel\x64\debug\kondakov_lr5_hotel.pdb
c:\users\fedot\source\repos\kondakov_lr5_hotel\kondakov_lr5_hotel\x64\debug\kondakov_lr5_hotel.ilk
c:\users\fedot\source\repos\kondakov_lr5_hotel\kondakov_lr5_hotel\x64\debug\kondakov.e6fba5fb.tlog\cl.command.1.tlog
c:\users\fedot\source\repos\kondakov_lr5_hotel\kondakov_lr5_hotel\x64\debug\kondakov.e6fba5fb.tlog\cl.items.tlog
c:\users\fedot\source\repos\kondakov_lr5_hotel\kondakov_lr5_hotel\x64\debug\kondakov.e6fba5fb.tlog\cl.read.1.tlog
c:\users\fedot\source\repos\kondakov_lr5_hotel\kondakov_lr5_hotel\x64\debug\kondakov.e6fba5fb.tlog\cl.write.1.tlog
c:\users\fedot\source\repos\kondakov_lr5_hotel\kondakov_lr5_hotel\x64\debug\kondakov.e6fba5fb.tlog\link.command.1.tlog
c:\users\fedot\source\repos\kondakov_lr5_hotel\kondakov_lr5_hotel\x64\debug\kondakov.e6fba5fb.tlog\link.read.1.tlog
c:\users\fedot\source\repos\kondakov_lr5_hotel\kondakov_lr5_hotel\x64\debug\kondakov.e6fba5fb.tlog\link.secondary.1.tlog
c:\users\fedot\source\repos\kondakov_lr5_hotel\kondakov_lr5_hotel\x64\debug\kondakov.e6fba5fb.tlog\link.write.1.tlog
